This is pdfTeX, Version 3.14159265-2.6-1.40.16 (TeX Live 2015/Debian) (preloaded format=pdflatex 2018.9.21)  21 SEP 2018 18:21
entering extended mode
 restricted \write18 enabled.
 %&-line parsing enabled.
**sn.tex
(./sn.tex
LaTeX2e <2016/02/01>
Babel <3.9q> and hyphenation patterns for 5 language(s) loaded.
(/usr/share/texlive/texmf-dist/tex/latex/base/article.cls
Document Class: article 2014/09/29 v1.4h Standard LaTeX document class
(/usr/share/texlive/texmf-dist/tex/latex/base/size11.clo
File: size11.clo 2014/09/29 v1.4h Standard LaTeX file (size option)
)
\c@part=\count79
\c@section=\count80
\c@subsection=\count81
\c@subsubsection=\count82
\c@paragraph=\count83
\c@subparagraph=\count84
\c@figure=\count85
\c@table=\count86
\abovecaptionskip=\skip41
\belowcaptionskip=\skip42
\bibindent=\dimen102
)
(/usr/share/texlive/texmf-dist/tex/latex/graphics/graphicx.sty
Package: graphicx 2014/10/28 v1.0g Enhanced LaTeX Graphics (DPC,SPQR)

(/usr/share/texlive/texmf-dist/tex/latex/graphics/keyval.sty
Package: keyval 2014/10/28 v1.15 key=value parser (DPC)
\KV@toks@=\toks14
)
(/usr/share/texlive/texmf-dist/tex/latex/graphics/graphics.sty
Package: graphics 2016/01/03 v1.0q Standard LaTeX Graphics (DPC,SPQR)

(/usr/share/texlive/texmf-dist/tex/latex/graphics/trig.sty
Package: trig 2016/01/03 v1.10 sin cos tan (DPC)
)
(/usr/share/texlive/texmf-dist/tex/latex/latexconfig/graphics.cfg
File: graphics.cfg 2010/04/23 v1.9 graphics configuration of TeX Live
)
Package graphics Info: Driver file: pdftex.def on input line 95.

(/usr/share/texlive/texmf-dist/tex/latex/pdftex-def/pdftex.def
File: pdftex.def 2011/05/27 v0.06d Graphics/color for pdfTeX

(/usr/share/texlive/texmf-dist/tex/generic/oberdiek/infwarerr.sty
Package: infwarerr 2010/04/08 v1.3 Providing info/warning/error messages (HO)
)
(/usr/share/texlive/texmf-dist/tex/generic/oberdiek/ltxcmds.sty
Package: ltxcmds 2011/11/09 v1.22 LaTeX kernel commands for general use (HO)
)
\Gread@gobject=\count87
))
\Gin@req@height=\dimen103
\Gin@req@width=\dimen104
)
(./rotating.sty
Package: rotating 1997/09/26, v2.13 Rotation package
 (/usr/share/texlive/texmf-dist/tex/latex/base/ifthen.sty
Package: ifthen 2014/09/29 v1.1c Standard LaTeX ifthen package (DPC)
)
\c@r@tfl@t=\count88
\rot@float@box=\box26
)
(./lsstdesc_macros.sty
(/usr/share/texlive/texmf-dist/tex/latex/amsmath/amsmath.sty
Package: amsmath 2016/03/03 v2.15a AMS math features
\@mathmargin=\skip43

For additional information on amsmath, use the `?' option.
(/usr/share/texlive/texmf-dist/tex/latex/amsmath/amstext.sty
Package: amstext 2000/06/29 v2.01 AMS text

(/usr/share/texlive/texmf-dist/tex/latex/amsmath/amsgen.sty
File: amsgen.sty 1999/11/30 v2.0 generic functions
\@emptytoks=\toks15
\ex@=\dimen105
))
(/usr/share/texlive/texmf-dist/tex/latex/amsmath/amsbsy.sty
Package: amsbsy 1999/11/29 v1.2d Bold Symbols
\pmbraise@=\dimen106
)
(/usr/share/texlive/texmf-dist/tex/latex/amsmath/amsopn.sty
Package: amsopn 1999/12/14 v2.01 operator names
)
\inf@bad=\count89
LaTeX Info: Redefining \frac on input line 199.
\uproot@=\count90
\leftroot@=\count91
LaTeX Info: Redefining \overline on input line 297.
\classnum@=\count92
\DOTSCASE@=\count93
LaTeX Info: Redefining \ldots on input line 394.
LaTeX Info: Redefining \dots on input line 397.
LaTeX Info: Redefining \cdots on input line 518.
\Mathstrutbox@=\box27
\strutbox@=\box28
\big@size=\dimen107
LaTeX Font Info:    Redeclaring font encoding OML on input line 630.
LaTeX Font Info:    Redeclaring font encoding OMS on input line 631.
\macc@depth=\count94
\c@MaxMatrixCols=\count95
\dotsspace@=\muskip10
\c@parentequation=\count96
\dspbrk@lvl=\count97
\tag@help=\toks16
\row@=\count98
\column@=\count99
\maxfields@=\count100
\andhelp@=\toks17
\eqnshift@=\dimen108
\alignsep@=\dimen109
\tagshift@=\dimen110
\tagwidth@=\dimen111
\totwidth@=\dimen112
\lineht@=\dimen113
\@envbody=\toks18
\multlinegap=\skip44
\multlinetaggap=\skip45
\mathdisplay@stack=\toks19
LaTeX Info: Redefining \[ on input line 2735.
LaTeX Info: Redefining \] on input line 2736.
)
(/usr/share/texlive/texmf-dist/tex/latex/tools/xspace.sty
Package: xspace 2014/10/28 v1.13 Space after command names (DPC,MH)
) (./xcolor.sty
Package: xcolor 2004/07/04 v2.00 LaTeX color extensions (UK)

(/usr/share/texlive/texmf-dist/tex/latex/latexconfig/color.cfg
File: color.cfg 2007/01/18 v1.5 color configuration of teTeX/TeXLive
)
Package xcolor Info: Driver file: pdftex.def on input line 136.
Package xcolor Info: Color model `cmy' added on input line 972.
Package xcolor Info: Color model `hsb' added on input line 980.
Package xcolor Info: Color model `HTML' added on input line 1000.
Package xcolor Info: Color model `HSB' added on input line 1006.
Package xcolor Info: Color model `Gray' added on input line 1012.
)
\dhatheight=\skip46
)
(/usr/share/texlive/texmf-dist/tex/latex/appendix/appendix.sty
Package: appendix 2009/09/02 v1.2b extra appendix facilities
\c@@pps=\count101
\c@@ppsavesec=\count102
\c@@ppsaveapp=\count103
)
(/usr/share/texlive/texmf-dist/tex/latex/hyperref/hyperref.sty
Package: hyperref 2012/11/06 v6.83m Hypertext links for LaTeX

(/usr/share/texlive/texmf-dist/tex/generic/oberdiek/hobsub-hyperref.sty
Package: hobsub-hyperref 2012/05/28 v1.13 Bundle oberdiek, subset hyperref (HO)


(/usr/share/texlive/texmf-dist/tex/generic/oberdiek/hobsub-generic.sty
Package: hobsub-generic 2012/05/28 v1.13 Bundle oberdiek, subset generic (HO)
Package: hobsub 2012/05/28 v1.13 Construct package bundles (HO)
Package hobsub Info: Skipping package `infwarerr' (already loaded).
Package hobsub Info: Skipping package `ltxcmds' (already loaded).
Package: ifluatex 2010/03/01 v1.3 Provides the ifluatex switch (HO)
Package ifluatex Info: LuaTeX not detected.
Package: ifvtex 2010/03/01 v1.5 Detect VTeX and its facilities (HO)
Package ifvtex Info: VTeX not detected.
Package: intcalc 2007/09/27 v1.1 Expandable calculations with integers (HO)
Package: ifpdf 2011/01/30 v2.3 Provides the ifpdf switch (HO)
Package ifpdf Info: pdfTeX in PDF mode is detected.
Package: etexcmds 2011/02/16 v1.5 Avoid name clashes with e-TeX commands (HO)
Package etexcmds Info: Could not find \expanded.
(etexcmds)             That can mean that you are not using pdfTeX 1.50 or
(etexcmds)             that some package has redefined \expanded.
(etexcmds)             In the latter case, load this package earlier.
Package: kvsetkeys 2012/04/25 v1.16 Key value parser (HO)
Package: kvdefinekeys 2011/04/07 v1.3 Define keys (HO)
Package: pdftexcmds 2011/11/29 v0.20 Utility functions of pdfTeX for LuaTeX (HO
)
Package pdftexcmds Info: LuaTeX not detected.
Package pdftexcmds Info: \pdf@primitive is available.
Package pdftexcmds Info: \pdf@ifprimitive is available.
Package pdftexcmds Info: \pdfdraftmode found.
Package: pdfescape 2011/11/25 v1.13 Implements pdfTeX's escape features (HO)
Package: bigintcalc 2012/04/08 v1.3 Expandable calculations on big integers (HO
)
Package: bitset 2011/01/30 v1.1 Handle bit-vector datatype (HO)
Package: uniquecounter 2011/01/30 v1.2 Provide unlimited unique counter (HO)
)
Package hobsub Info: Skipping package `hobsub' (already loaded).
Package: letltxmacro 2010/09/02 v1.4 Let assignment for LaTeX macros (HO)
Package: hopatch 2012/05/28 v1.2 Wrapper for package hooks (HO)
Package: xcolor-patch 2011/01/30 xcolor patch
Package: atveryend 2011/06/30 v1.8 Hooks at the very end of document (HO)
Package atveryend Info: \enddocument detected (standard20110627).
Package: atbegshi 2011/10/05 v1.16 At begin shipout hook (HO)
Package: refcount 2011/10/16 v3.4 Data extraction from label references (HO)
Package: hycolor 2011/01/30 v1.7 Color options for hyperref/bookmark (HO)
)
(/usr/share/texlive/texmf-dist/tex/generic/ifxetex/ifxetex.sty
Package: ifxetex 2010/09/12 v0.6 Provides ifxetex conditional
)
(/usr/share/texlive/texmf-dist/tex/latex/oberdiek/auxhook.sty
Package: auxhook 2011/03/04 v1.3 Hooks for auxiliary files (HO)
)
(/usr/share/texlive/texmf-dist/tex/latex/oberdiek/kvoptions.sty
Package: kvoptions 2011/06/30 v3.11 Key value format for package options (HO)
)
\@linkdim=\dimen114
\Hy@linkcounter=\count104
\Hy@pagecounter=\count105

(/usr/share/texlive/texmf-dist/tex/latex/hyperref/pd1enc.def
File: pd1enc.def 2012/11/06 v6.83m Hyperref: PDFDocEncoding definition (HO)
)
\Hy@SavedSpaceFactor=\count106

(/usr/share/texlive/texmf-dist/tex/latex/latexconfig/hyperref.cfg
File: hyperref.cfg 2002/06/06 v1.2 hyperref configuration of TeXLive
)
Package hyperref Info: Option `colorlinks' set `true' on input line 4319.
Package hyperref Info: Option `breaklinks' set `true' on input line 4319.
Package hyperref Info: Hyper figures OFF on input line 4443.
Package hyperref Info: Link nesting OFF on input line 4448.
Package hyperref Info: Hyper index ON on input line 4451.
Package hyperref Info: Plain pages OFF on input line 4458.
Package hyperref Info: Backreferencing OFF on input line 4463.
Package hyperref Info: Implicit mode ON; LaTeX internals redefined.
Package hyperref Info: Bookmarks ON on input line 4688.
\c@Hy@tempcnt=\count107

(/usr/share/texlive/texmf-dist/tex/latex/url/url.sty
\Urlmuskip=\muskip11
Package: url 2013/09/16  ver 3.4  Verb mode for urls, etc.
)
LaTeX Info: Redefining \url on input line 5041.
\XeTeXLinkMargin=\dimen115
\Fld@menulength=\count108
\Field@Width=\dimen116
\Fld@charsize=\dimen117
Package hyperref Info: Hyper figures OFF on input line 6295.
Package hyperref Info: Link nesting OFF on input line 6300.
Package hyperref Info: Hyper index ON on input line 6303.
Package hyperref Info: backreferencing OFF on input line 6310.
Package hyperref Info: Link coloring ON on input line 6313.
Package hyperref Info: Link coloring with OCG OFF on input line 6320.
Package hyperref Info: PDF/A mode OFF on input line 6325.
LaTeX Info: Redefining \ref on input line 6365.
LaTeX Info: Redefining \pageref on input line 6369.
\Hy@abspage=\count109
\c@Item=\count110
\c@Hfootnote=\count111
)

Package hyperref Message: Driver (autodetected): hpdftex.

(/usr/share/texlive/texmf-dist/tex/latex/hyperref/hpdftex.def
File: hpdftex.def 2012/11/06 v6.83m Hyperref driver for pdfTeX
\Fld@listcount=\count112
\c@bookmark@seq@number=\count113

(/usr/share/texlive/texmf-dist/tex/latex/oberdiek/rerunfilecheck.sty
Package: rerunfilecheck 2011/04/15 v1.7 Rerun checks for auxiliary files (HO)
Package uniquecounter Info: New unique counter `rerunfilecheck' on input line 2
82.
)
\Hy@SectionHShift=\skip47
)
(./sn.aux)
\openout1 = `sn.aux'.

LaTeX Font Info:    Checking defaults for OML/cmm/m/it on input line 52.
LaTeX Font Info:    ... okay on input line 52.
LaTeX Font Info:    Checking defaults for T1/cmr/m/n on input line 52.
LaTeX Font Info:    ... okay on input line 52.
LaTeX Font Info:    Checking defaults for OT1/cmr/m/n on input line 52.
LaTeX Font Info:    ... okay on input line 52.
LaTeX Font Info:    Checking defaults for OMS/cmsy/m/n on input line 52.
LaTeX Font Info:    ... okay on input line 52.
LaTeX Font Info:    Checking defaults for OMX/cmex/m/n on input line 52.
LaTeX Font Info:    ... okay on input line 52.
LaTeX Font Info:    Checking defaults for U/cmr/m/n on input line 52.
LaTeX Font Info:    ... okay on input line 52.
LaTeX Font Info:    Checking defaults for PD1/pdf/m/n on input line 52.
LaTeX Font Info:    ... okay on input line 52.
 (/usr/share/texlive/texmf-dist/tex/context/base/supp-pdf.mkii
[Loading MPS to PDF converter (version 2006.09.02).]
\scratchcounter=\count114
\scratchdimen=\dimen118
\scratchbox=\box29
\nofMPsegments=\count115
\nofMParguments=\count116
\everyMPshowfont=\toks20
\MPscratchCnt=\count117
\MPscratchDim=\dimen119
\MPnumerator=\count118
\makeMPintoPDFobject=\count119
\everyMPtoPDFconversion=\toks21
) (/usr/share/texlive/texmf-dist/tex/latex/oberdiek/epstopdf-base.sty
Package: epstopdf-base 2010/02/09 v2.5 Base part for package epstopdf

(/usr/share/texlive/texmf-dist/tex/latex/oberdiek/grfext.sty
Package: grfext 2010/08/19 v1.1 Manage graphics extensions (HO)
)
Package grfext Info: Graphics extension search list:
(grfext)             [.png,.pdf,.jpg,.mps,.jpeg,.jbig2,.jb2,.PNG,.PDF,.JPG,.JPE
G,.JBIG2,.JB2,.eps]
(grfext)             \AppendGraphicsExtensions on input line 452.

(/usr/share/texlive/texmf-dist/tex/latex/latexconfig/epstopdf-sys.cfg
File: epstopdf-sys.cfg 2010/07/13 v1.3 Configuration of (r)epstopdf for TeX Liv
e
))
\AtBeginShipoutBox=\box30
Package hyperref Info: Link coloring ON on input line 52.

(/usr/share/texlive/texmf-dist/tex/latex/hyperref/nameref.sty
Package: nameref 2012/10/27 v2.43 Cross-referencing by name of section

(/usr/share/texlive/texmf-dist/tex/generic/oberdiek/gettitlestring.sty
Package: gettitlestring 2010/12/03 v1.4 Cleanup title references (HO)
)
\c@section@level=\count120
)
LaTeX Info: Redefining \ref on input line 52.
LaTeX Info: Redefining \pageref on input line 52.
LaTeX Info: Redefining \nameref on input line 52.

(./sn.out) (./sn.out)
\@outlinefile=\write3
\openout3 = `sn.out'.

 [1

{/var/lib/texmf/fonts/map/pdftex/updmap/pdftex.map}]
(./sn.toc)
\tf@toc=\write4
\openout4 = `sn.toc'.

pdfTeX warning (ext4): destination with the same identifier (name{page.1}) has 
been already used, duplicate ignored
<to be read again> 
                   \relax 
l.99 
      [1]

LaTeX Warning: Command \r invalid in math mode on input line 146.


LaTeX Warning: Command \r invalid in math mode on input line 146.

[2] <Figures/sn_parameter_space.pdf, id=143, 462.52798pt x 346.89601pt>
File: Figures/sn_parameter_space.pdf Graphic file (type pdf)

<use Figures/sn_parameter_space.pdf>
Package pdftex.def Info: Figures/sn_parameter_space.pdf used on input line 218.

(pdftex.def)             Requested size: 273.14922pt x 204.8733pt.
 [3] [4 <./Figures/sn_parameter_space.pdf>]
LaTeX Font Info:    Try loading font information for OMS+cmr on input line 260.

(/usr/share/texlive/texmf-dist/tex/latex/base/omscmr.fd
File: omscmr.fd 2014/09/29 v2.5h Standard LaTeX font definitions
)
LaTeX Font Info:    Font shape `OMS/cmr/m/n' in size <10.95> not available
(Font)              Font shape `OMS/cmsy/m/n' tried instead on input line 260.

<Figures/All.png, id=209, 1154.1519pt x 565.1514pt>
File: Figures/All.png Graphic file (type png)
 <use Figures/All.png>
Package pdftex.def Info: Figures/All.png used on input line 305.
(pdftex.def)             Requested size: 398.34134pt x 284.53253pt.

[5] [6 <./Figures/All.png>] [7]
<Figures/mothra_2045_02611.png, id=235, 1084.05pt x 542.025pt>
File: Figures/mothra_2045_02611.png Graphic file (type png)

<use Figures/mothra_2045_02611.png>
Package pdftex.def Info: Figures/mothra_2045_02611.png used on input line 385.
(pdftex.def)             Requested size: 595.80026pt x 297.9079pt.
 Adding sideways figure on  right hand page

LaTeX Warning: Reference `tab:cadences' on page 8 undefined on input line 425.

[8] [9 <./Figures/mothra_2045_02611.png>]
<Figures/summary_plot_wfd_mediansn.pdf, id=252, 1156.32pt x 650.43pt>
File: Figures/summary_plot_wfd_mediansn.pdf Graphic file (type pdf)

<use Figures/summary_plot_wfd_mediansn.pdf>
Package pdftex.def Info: Figures/summary_plot_wfd_mediansn.pdf used on input li
ne 475.
(pdftex.def)             Requested size: 595.80026pt x 335.13895pt.
 Adding sideways figure on 
right hand page
<Figures/summary_plot_wfd_faintsn.pdf, id=255, 1156.32pt x 650.43pt>
File: Figures/summary_plot_wfd_faintsn.pdf Graphic file (type pdf)

<use Figures/summary_plot_wfd_faintsn.pdf>
Package pdftex.def Info: Figures/summary_plot_wfd_faintsn.pdf used on input lin
e 488.
(pdftex.def)             Requested size: 595.80026pt x 335.13895pt.
 Adding sideways figure on 
right hand page
<Figures/effi_feature_cosmos.png, id=261, 1117.2942pt x 674.2791pt>
File: Figures/effi_feature_cosmos.png Graphic file (type png)

<use Figures/effi_feature_cosmos.png>
Package pdftex.def Info: Figures/effi_feature_cosmos.png used on input line 505
.
(pdftex.def)             Requested size: 341.43306pt x 206.05093pt.
 [10] [11 <./Figures/summary_plot_wfd_mediansn.pdf>] [12 <./Figures/summary_plo
t_wfd_faintsn.pdf>]
<Figures/NSN_season_4DDF.png, id=418, 1453.3497pt x 727.0362pt>
File: Figures/NSN_season_4DDF.png Graphic file (type png)

<use Figures/NSN_season_4DDF.png>
Package pdftex.def Info: Figures/NSN_season_4DDF.png used on input line 515.
(pdftex.def)             Requested size: 426.79134pt x 213.49757pt.

<Figures/NSN_all_4DDF.png, id=419, 1460.5767pt x 695.9601pt>
File: Figures/NSN_all_4DDF.png Graphic file (type png)

<use Figures/NSN_all_4DDF.png>
Package pdftex.def Info: Figures/NSN_all_4DDF.png used on input line 516.
(pdftex.def)             Requested size: 426.79134pt x 203.36308pt.

<Figures/NSN_season_allDDF.png, id=420, 1472.1399pt x 629.4717pt>
File: Figures/NSN_season_allDDF.png Graphic file (type png)

<use Figures/NSN_season_allDDF.png>
Package pdftex.def Info: Figures/NSN_season_allDDF.png used on input line 524.
(pdftex.def)             Requested size: 426.79134pt x 182.48448pt.

<Figures/NSN_all_allDDF.png, id=421, 1456.9632pt x 741.4902pt>
File: Figures/NSN_all_allDDF.png Graphic file (type png)

<use Figures/NSN_all_allDDF.png>
Package pdftex.def Info: Figures/NSN_all_allDDF.png used on input line 525.
(pdftex.def)             Requested size: 426.79134pt x 217.19897pt.

<Figures/Z95_NSN.png, id=422, 1178.7237pt x 680.0607pt>
File: Figures/Z95_NSN.png Graphic file (type png)

<use Figures/Z95_NSN.png>
Package pdftex.def Info: Figures/Z95_NSN.png used on input line 535.
(pdftex.def)             Requested size: 426.79134pt x 246.23291pt.
 [13 <./Figures/effi_feature_cosmos.png>] [14 <./Figures/NSN_season_4DDF.png> <
./Figures/NSN_all_4DDF.png>] [15 <./Figures/NSN_season_allDDF.png> <./Figures/N
SN_all_allDDF.png>] [16 <./Figures/Z95_NSN.png>]
<Figures/observability.png, id=451, 1283.5152pt x 692.3466pt>
File: Figures/observability.png Graphic file (type png)

<use Figures/observability.png>
Package pdftex.def Info: Figures/observability.png used on input line 554.
(pdftex.def)             Requested size: 512.14355pt x 341.42906pt.

<Figures/Season_length.png, id=452, 1078.2684pt x 565.8741pt>
File: Figures/Season_length.png Graphic file (type png)

<use Figures/Season_length.png>
Package pdftex.def Info: Figures/Season_length.png used on input line 555.
(pdftex.def)             Requested size: 512.14992pt x 227.62354pt.

Overfull \hbox (56.89948pt too wide) in paragraph at lines 554--556
 [] 
 []


Overfull \hbox (56.90584pt too wide) in paragraph at lines 554--556
 [] 
 []


LaTeX Warning: Float too large for page by 40.78984pt on input line 558.


Overfull \hbox (0.8348pt too wide) in paragraph at lines 560--561
[]\OT1/cmr/m/n/10.95 The ta-ble of ob-ser-va-tions may be de-fined us-ing me-di
an gap val-ues $\OML/cmm/m/it/10.95 T[]$ \OT1/cmr/m/n/10.95 and $\OML/cmm/m/it/
10.95 T[]$ \OT1/cmr/m/n/10.95 when
 []

[17] [18 <./Figures/observability.png> <./Figures/Season_length.png>]
(./DD_plots_cadence.tex
<Figures/COSMOS_cadence.png, id=466, 899.0388pt x 617.1858pt>
File: Figures/COSMOS_cadence.png Graphic file (type png)

<use Figures/COSMOS_cadence.png>
Package pdftex.def Info: Figures/COSMOS_cadence.png used on input line 3.
(pdftex.def)             Requested size: 284.52756pt x 195.31863pt.

<Figures/COSMOS_season_length.png, id=467, 912.0474pt x 617.1858pt>
File: Figures/COSMOS_season_length.png Graphic file (type png)

<use Figures/COSMOS_season_length.png>
Package pdftex.def Info: Figures/COSMOS_season_length.png used on input line 4.

(pdftex.def)             Requested size: 284.52756pt x 192.54047pt.

<Figures/COSMOS_m5.png, id=468, 918.5517pt x 617.1858pt>
File: Figures/COSMOS_m5.png Graphic file (type png)

<use Figures/COSMOS_m5.png>
Package pdftex.def Info: Figures/COSMOS_m5.png used on input line 5.
(pdftex.def)             Requested size: 284.52756pt x 191.17494pt.
pdfTeX warning (ext4): destination with the same identifier (name{figure.1}) ha
s been already used, duplicate ignored
<to be read again> 
                   \relax 
l.7 ...026 and kraken\_2035 observing strategies.}
                                                  \label{fig:cosmos_cad}pdfTeX 
warning (ext4): destination with the same identifier (name{figure.1}) has been 
already used, duplicate ignored
<to be read again> 
                   \relax 
l.7 ...026 and kraken\_2035 observing strategies.}
                                                  \label{fig:cosmos_cad}

LaTeX Warning: Float too large for page by 50.16296pt on input line 9.

<Figures/COSMOS_med_m5.png, id=469, 918.5517pt x 617.1858pt>
File: Figures/COSMOS_med_m5.png Graphic file (type png)

<use Figures/COSMOS_med_m5.png>
Package pdftex.def Info: Figures/COSMOS_med_m5.png used on input line 14.
(pdftex.def)             Requested size: 284.52756pt x 191.17494pt.

<Figures/COSMOS_intergap_max1.png, id=470, 899.0388pt x 617.1858pt>
File: Figures/COSMOS_intergap_max1.png Graphic file (type png)

<use Figures/COSMOS_intergap_max1.png>
Package pdftex.def Info: Figures/COSMOS_intergap_max1.png used on input line 15
.
(pdftex.def)             Requested size: 284.52756pt x 195.31863pt.

<Figures/COSMOS_intergap_max2.png, id=471, 899.0388pt x 617.1858pt>
File: Figures/COSMOS_intergap_max2.png Graphic file (type png)

<use Figures/COSMOS_intergap_max2.png>
Package pdftex.def Info: Figures/COSMOS_intergap_max2.png used on input line 16
.
(pdftex.def)             Requested size: 284.52756pt x 195.31863pt.
pdfTeX warning (ext4): destination with the same identifier (name{figure.2}) ha
s been already used, duplicate ignored
<to be read again> 
                   \relax 
l.17 ...26 and kraken\_2035 observing strategies.}
                                                  \label{fig:cosmos_m5}pdfTeX w
arning (ext4): destination with the same identifier (name{figure.2}) has been a
lready used, duplicate ignored
<to be read again> 
                   \relax 
l.17 ...26 and kraken\_2035 observing strategies.}
                                                  \label{fig:cosmos_m5}

LaTeX Warning: Float too large for page by 52.94113pt on input line 19.

<Figures/XMM-LSS_cadence.png, id=472, 899.0388pt x 617.1858pt>
File: Figures/XMM-LSS_cadence.png Graphic file (type png)

<use Figures/XMM-LSS_cadence.png>
Package pdftex.def Info: Figures/XMM-LSS_cadence.png used on input line 26.
(pdftex.def)             Requested size: 284.52756pt x 195.31863pt.

<Figures/XMM-LSS_season_length.png, id=473, 912.0474pt x 617.1858pt>
File: Figures/XMM-LSS_season_length.png Graphic file (type png)

<use Figures/XMM-LSS_season_length.png>
Package pdftex.def Info: Figures/XMM-LSS_season_length.png used on input line 2
7.
(pdftex.def)             Requested size: 284.52756pt x 192.54047pt.

<Figures/XMM-LSS_m5.png, id=474, 918.5517pt x 617.1858pt>
File: Figures/XMM-LSS_m5.png Graphic file (type png)

<use Figures/XMM-LSS_m5.png>
Package pdftex.def Info: Figures/XMM-LSS_m5.png used on input line 28.
(pdftex.def)             Requested size: 284.52756pt x 191.17494pt.
pdfTeX warning (ext4): destination with the same identifier (name{figure.3}) ha
s been already used, duplicate ignored
<to be read again> 
                   \relax 
l.30 ...26 and kraken\_2035 observing strategies.}
                                                  \label{fig:xmm-lss_cad}pdfTeX
 warning (ext4): destination with the same identifier (name{figure.3}) has been
 already used, duplicate ignored
<to be read again> 
                   \relax 
l.30 ...26 and kraken\_2035 observing strategies.}
                                                  \label{fig:xmm-lss_cad}

LaTeX Warning: Float too large for page by 50.16296pt on input line 32.

<Figures/XMM-LSS_med_m5.png, id=475, 918.5517pt x 617.1858pt>
File: Figures/XMM-LSS_med_m5.png Graphic file (type png)

<use Figures/XMM-LSS_med_m5.png>
Package pdftex.def Info: Figures/XMM-LSS_med_m5.png used on input line 37.
(pdftex.def)             Requested size: 284.52756pt x 191.17494pt.

<Figures/XMM-LSS_intergap_max1.png, id=476, 918.5517pt x 617.1858pt>
File: Figures/XMM-LSS_intergap_max1.png Graphic file (type png)

<use Figures/XMM-LSS_intergap_max1.png>
Package pdftex.def Info: Figures/XMM-LSS_intergap_max1.png used on input line 3
8.
(pdftex.def)             Requested size: 284.52756pt x 191.17494pt.

<Figures/XMM-LSS_intergap_max2.png, id=477, 899.0388pt x 617.1858pt>
File: Figures/XMM-LSS_intergap_max2.png Graphic file (type png)

<use Figures/XMM-LSS_intergap_max2.png>
Package pdftex.def Info: Figures/XMM-LSS_intergap_max2.png used on input line 3
9.
(pdftex.def)             Requested size: 284.52756pt x 195.31863pt.
pdfTeX warning (ext4): destination with the same identifier (name{figure.4}) ha
s been already used, duplicate ignored
<to be read again> 
                   \relax 
l.40 ...26 and kraken\_2035 observing strategies.}
                                                  \label{fig:xmm-lss_m5}pdfTeX 
warning (ext4): destination with the same identifier (name{figure.4}) has been 
already used, duplicate ignored
<to be read again> 
                   \relax 
l.40 ...26 and kraken\_2035 observing strategies.}
                                                  \label{fig:xmm-lss_m5}

LaTeX Warning: Float too large for page by 48.79744pt on input line 42.

<Figures/CDFS_cadence.png, id=478, 899.0388pt x 617.1858pt>
File: Figures/CDFS_cadence.png Graphic file (type png)

<use Figures/CDFS_cadence.png>
Package pdftex.def Info: Figures/CDFS_cadence.png used on input line 50.
(pdftex.def)             Requested size: 284.52756pt x 195.31863pt.

<Figures/CDFS_season_length.png, id=479, 912.0474pt x 617.1858pt>
File: Figures/CDFS_season_length.png Graphic file (type png)

<use Figures/CDFS_season_length.png>
Package pdftex.def Info: Figures/CDFS_season_length.png used on input line 51.
(pdftex.def)             Requested size: 284.52756pt x 192.54047pt.

<Figures/CDFS_m5.png, id=480, 918.5517pt x 617.1858pt>
File: Figures/CDFS_m5.png Graphic file (type png)

<use Figures/CDFS_m5.png>
Package pdftex.def Info: Figures/CDFS_m5.png used on input line 52.
(pdftex.def)             Requested size: 284.52756pt x 191.17494pt.
pdfTeX warning (ext4): destination with the same identifier (name{figure.5}) ha
s been already used, duplicate ignored
<to be read again> 
                   \relax 
l.54 ...26 and kraken\_2035 observing strategies.}
                                                  \label{fig:cdfs_cad}pdfTeX wa
rning (ext4): destination with the same identifier (name{figure.5}) has been al
ready used, duplicate ignored
<to be read again> 
                   \relax 
l.54 ...26 and kraken\_2035 observing strategies.}
                                                  \label{fig:cdfs_cad}

LaTeX Warning: Float too large for page by 50.16296pt on input line 56.

<Figures/CDFS_med_m5.png, id=481, 918.5517pt x 617.1858pt>
File: Figures/CDFS_med_m5.png Graphic file (type png)

<use Figures/CDFS_med_m5.png>
Package pdftex.def Info: Figures/CDFS_med_m5.png used on input line 61.
(pdftex.def)             Requested size: 284.52756pt x 191.17494pt.

<Figures/CDFS_intergap_max1.png, id=482, 899.0388pt x 617.1858pt>
File: Figures/CDFS_intergap_max1.png Graphic file (type png)

<use Figures/CDFS_intergap_max1.png>
Package pdftex.def Info: Figures/CDFS_intergap_max1.png used on input line 62.
(pdftex.def)             Requested size: 284.52756pt x 195.31863pt.

<Figures/CDFS_intergap_max2.png, id=483, 899.0388pt x 617.1858pt>
File: Figures/CDFS_intergap_max2.png Graphic file (type png)

<use Figures/CDFS_intergap_max2.png>
Package pdftex.def Info: Figures/CDFS_intergap_max2.png used on input line 63.
(pdftex.def)             Requested size: 284.52756pt x 195.31863pt.
pdfTeX warning (ext4): destination with the same identifier (name{figure.6}) ha
s been already used, duplicate ignored
<to be read again> 
                   \relax 
l.64 ...26 and kraken\_2035 observing strategies.}
                                                  \label{fig:cdfs_m5}pdfTeX war
ning (ext4): destination with the same identifier (name{figure.6}) has been alr
eady used, duplicate ignored
<to be read again> 
                   \relax 
l.64 ...26 and kraken\_2035 observing strategies.}
                                                  \label{fig:cdfs_m5}

LaTeX Warning: Float too large for page by 52.94113pt on input line 66.

<Figures/ELAIS-S1_cadence.png, id=484, 905.5431pt x 617.1858pt>
File: Figures/ELAIS-S1_cadence.png Graphic file (type png)

<use Figures/ELAIS-S1_cadence.png>
Package pdftex.def Info: Figures/ELAIS-S1_cadence.png used on input line 74.
(pdftex.def)             Requested size: 284.52756pt x 193.92485pt.

<Figures/ELAIS-S1_season_length.png, id=485, 912.0474pt x 617.1858pt>
File: Figures/ELAIS-S1_season_length.png Graphic file (type png)

<use Figures/ELAIS-S1_season_length.png>
Package pdftex.def Info: Figures/ELAIS-S1_season_length.png used on input line 
75.
(pdftex.def)             Requested size: 284.52756pt x 192.54047pt.

<Figures/ELAIS-S1_m5.png, id=486, 918.5517pt x 617.1858pt>
File: Figures/ELAIS-S1_m5.png Graphic file (type png)

<use Figures/ELAIS-S1_m5.png>
Package pdftex.def Info: Figures/ELAIS-S1_m5.png used on input line 76.
(pdftex.def)             Requested size: 284.52756pt x 191.17494pt.
pdfTeX warning (ext4): destination with the same identifier (name{figure.7}) ha
s been already used, duplicate ignored
<to be read again> 
                   \relax 
l.78 ...26 and kraken\_2035 observing strategies.}
                                                  \label{fig:elais-s1_cad}pdfTe
X warning (ext4): destination with the same identifier (name{figure.7}) has bee
n already used, duplicate ignored
<to be read again> 
                   \relax 
l.78 ...26 and kraken\_2035 observing strategies.}
                                                  \label{fig:elais-s1_cad}

LaTeX Warning: Float too large for page by 48.76918pt on input line 80.

<Figures/ELAIS-S1_med_m5.png, id=487, 918.5517pt x 617.1858pt>
File: Figures/ELAIS-S1_med_m5.png Graphic file (type png)

<use Figures/ELAIS-S1_med_m5.png>
Package pdftex.def Info: Figures/ELAIS-S1_med_m5.png used on input line 85.
(pdftex.def)             Requested size: 284.52756pt x 191.17494pt.

<Figures/ELAIS-S1_intergap_max1.png, id=488, 899.0388pt x 617.1858pt>
File: Figures/ELAIS-S1_intergap_max1.png Graphic file (type png)

<use Figures/ELAIS-S1_intergap_max1.png>
Package pdftex.def Info: Figures/ELAIS-S1_intergap_max1.png used on input line 
86.
(pdftex.def)             Requested size: 284.52756pt x 195.31863pt.

<Figures/ELAIS-S1_intergap_max2.png, id=489, 918.5517pt x 617.1858pt>
File: Figures/ELAIS-S1_intergap_max2.png Graphic file (type png)

<use Figures/ELAIS-S1_intergap_max2.png>
Package pdftex.def Info: Figures/ELAIS-S1_intergap_max2.png used on input line 
87.
(pdftex.def)             Requested size: 284.52756pt x 191.17494pt.
pdfTeX warning (ext4): destination with the same identifier (name{figure.8}) ha
s been already used, duplicate ignored
<to be read again> 
                   \relax 
l.88 ...26 and kraken\_2035 observing strategies.}
                                                  \label{fig:elais-s1_m5}pdfTeX
 warning (ext4): destination with the same identifier (name{figure.8}) has been
 already used, duplicate ignored
<to be read again> 
                   \relax 
l.88 ...26 and kraken\_2035 observing strategies.}
                                                  \label{fig:elais-s1_m5}

LaTeX Warning: Float too large for page by 48.79744pt on input line 90.

<Figures/SPT-DEEP_cadence.png, id=490, 899.0388pt x 617.1858pt>
File: Figures/SPT-DEEP_cadence.png Graphic file (type png)

<use Figures/SPT-DEEP_cadence.png>
Package pdftex.def Info: Figures/SPT-DEEP_cadence.png used on input line 98.
(pdftex.def)             Requested size: 284.52756pt x 195.31863pt.

<Figures/SPT-DEEP_season_length.png, id=491, 912.0474pt x 617.1858pt>
File: Figures/SPT-DEEP_season_length.png Graphic file (type png)

<use Figures/SPT-DEEP_season_length.png>
Package pdftex.def Info: Figures/SPT-DEEP_season_length.png used on input line 
99.
(pdftex.def)             Requested size: 284.52756pt x 192.54047pt.

<Figures/SPT-DEEP_m5.png, id=492, 931.5603pt x 617.1858pt>
File: Figures/SPT-DEEP_m5.png Graphic file (type png)

<use Figures/SPT-DEEP_m5.png>
Package pdftex.def Info: Figures/SPT-DEEP_m5.png used on input line 100.
(pdftex.def)             Requested size: 284.52756pt x 188.5098pt.
pdfTeX warning (ext4): destination with the same identifier (name{figure.9}) ha
s been already used, duplicate ignored
<to be read again> 
                   \relax 
l.102 ...6 and kraken\_2035 observing strategies.}
                                                  \label{fig:spt deep_cad}pdfTe
X warning (ext4): destination with the same identifier (name{figure.9}) has bee
n already used, duplicate ignored
<to be read again> 
                   \relax 
l.102 ...6 and kraken\_2035 observing strategies.}
                                                  \label{fig:spt deep_cad}

LaTeX Warning: Float too large for page by 47.49782pt on input line 104.

<Figures/SPT-DEEP_med_m5.png, id=493, 918.5517pt x 617.1858pt>
File: Figures/SPT-DEEP_med_m5.png Graphic file (type png)

<use Figures/SPT-DEEP_med_m5.png>
Package pdftex.def Info: Figures/SPT-DEEP_med_m5.png used on input line 109.
(pdftex.def)             Requested size: 284.52756pt x 191.17494pt.

<Figures/SPT-DEEP_intergap_max1.png, id=494, 912.0474pt x 617.1858pt>
File: Figures/SPT-DEEP_intergap_max1.png Graphic file (type png)

<use Figures/SPT-DEEP_intergap_max1.png>
Package pdftex.def Info: Figures/SPT-DEEP_intergap_max1.png used on input line 
110.
(pdftex.def)             Requested size: 284.52756pt x 192.54047pt.

<Figures/SPT-DEEP_intergap_max2.png, id=495, 899.0388pt x 617.1858pt>
File: Figures/SPT-DEEP_intergap_max2.png Graphic file (type png)

<use Figures/SPT-DEEP_intergap_max2.png>
Package pdftex.def Info: Figures/SPT-DEEP_intergap_max2.png used on input line 
111.
(pdftex.def)             Requested size: 284.52756pt x 195.31863pt.
pdfTeX warning (ext4): destination with the same identifier (name{figure.10}) h
as been already used, duplicate ignored
<to be read again> 
                   \relax 
l.112 ...6 and kraken\_2035 observing strategies.}
                                                  \label{fig:spt deep_m5}pdfTeX
 warning (ext4): destination with the same identifier (name{figure.10}) has bee
n already used, duplicate ignored
<to be read again> 
                   \relax 
l.112 ...6 and kraken\_2035 observing strategies.}
                                                  \label{fig:spt deep_m5}

LaTeX Warning: Float too large for page by 50.16296pt on input line 114.

<Figures/kraken_2035_cadence.png, id=496, 899.0388pt x 617.1858pt>
File: Figures/kraken_2035_cadence.png Graphic file (type png)

<use Figures/kraken_2035_cadence.png>
Package pdftex.def Info: Figures/kraken_2035_cadence.png used on input line 122
.
(pdftex.def)             Requested size: 284.52756pt x 195.31863pt.

<Figures/kraken_2035_season_length.png, id=497, 912.0474pt x 617.1858pt>
File: Figures/kraken_2035_season_length.png Graphic file (type png)

<use Figures/kraken_2035_season_length.png>
Package pdftex.def Info: Figures/kraken_2035_season_length.png used on input li
ne 123.
(pdftex.def)             Requested size: 284.52756pt x 192.54047pt.

<Figures/kraken_2035_m5.png, id=498, 918.5517pt x 617.1858pt>
File: Figures/kraken_2035_m5.png Graphic file (type png)

<use Figures/kraken_2035_m5.png>
Package pdftex.def Info: Figures/kraken_2035_m5.png used on input line 124.
(pdftex.def)             Requested size: 284.52756pt x 191.17494pt.


LaTeX Warning: Float too large for page by 50.16296pt on input line 128.

<Figures/kraken_2035_med_m5.png, id=499, 918.5517pt x 617.1858pt>
File: Figures/kraken_2035_med_m5.png Graphic file (type png)

<use Figures/kraken_2035_med_m5.png>
Package pdftex.def Info: Figures/kraken_2035_med_m5.png used on input line 133.

(pdftex.def)             Requested size: 284.52756pt x 191.17494pt.

<Figures/kraken_2035_intergap_max1.png, id=500, 899.0388pt x 617.1858pt>
File: Figures/kraken_2035_intergap_max1.png Graphic file (type png)

<use Figures/kraken_2035_intergap_max1.png>
Package pdftex.def Info: Figures/kraken_2035_intergap_max1.png used on input li
ne 134.
(pdftex.def)             Requested size: 284.52756pt x 195.31863pt.

<Figures/kraken_2035_intergap_max2.png, id=501, 918.5517pt x 617.1858pt>
File: Figures/kraken_2035_intergap_max2.png Graphic file (type png)

<use Figures/kraken_2035_intergap_max2.png>
Package pdftex.def Info: Figures/kraken_2035_intergap_max2.png used on input li
ne 135.
(pdftex.def)             Requested size: 284.52756pt x 191.17494pt.


LaTeX Warning: Float too large for page by 48.79744pt on input line 138.

)
Package atveryend Info: Empty hook `BeforeClearDocument' on input line 617.
 [19

] [20 <./Figures/COSMOS_cadence.png> <./Figures/COSMOS_season_length.png> <./Fi
gures/COSMOS_m5.png>] [21 <./Figures/COSMOS_med_m5.png> <./Figures/COSMOS_inter
gap_max1.png> <./Figures/COSMOS_intergap_max2.png>] [22 <./Figures/XMM-LSS_cade
nce.png> <./Figures/XMM-LSS_season_length.png> <./Figures/XMM-LSS_m5.png>] [23 
<./Figures/XMM-LSS_med_m5.png> <./Figures/XMM-LSS_intergap_max1.png> <./Figures
/XMM-LSS_intergap_max2.png>] [24 <./Figures/CDFS_cadence.png> <./Figures/CDFS_s
eason_length.png> <./Figures/CDFS_m5.png>] [25 <./Figures/CDFS_med_m5.png> <./F
igures/CDFS_intergap_max1.png> <./Figures/CDFS_intergap_max2.png>]
[26 <./Figures/ELAIS-S1_cadence.png> <./Figures/ELAIS-S1_season_length.png> <./
Figures/ELAIS-S1_m5.png>] [27 <./Figures/ELAIS-S1_med_m5.png> <./Figures/ELAIS-
S1_intergap_max1.png> <./Figures/ELAIS-S1_intergap_max2.png>] [28 <./Figures/SP
T-DEEP_cadence.png> <./Figures/SPT-DEEP_season_length.png> <./Figures/SPT-DEEP_
m5.png>] [29 <./Figures/SPT-DEEP_med_m5.png> <./Figures/SPT-DEEP_intergap_max1.
png> <./Figures/SPT-DEEP_intergap_max2.png>] [30 <./Figures/kraken_2035_cadence
.png> <./Figures/kraken_2035_season_length.png> <./Figures/kraken_2035_m5.png>]
[31 <./Figures/kraken_2035_med_m5.png> <./Figures/kraken_2035_intergap_max1.png
> <./Figures/kraken_2035_intergap_max2.png>]
Package atveryend Info: Empty hook `AfterLastShipout' on input line 617.
 (./sn.aux)
Package atveryend Info: Executing hook `AtVeryEndDocument' on input line 617.
Package atveryend Info: Executing hook `AtEndAfterFileList' on input line 617.


Package rerunfilecheck Warning: File `sn.out' has changed.
(rerunfilecheck)                Rerun to get outlines right
(rerunfilecheck)                or use package `bookmark'.

Package rerunfilecheck Info: Checksums for `sn.out':
(rerunfilecheck)             Before: CB928C9B90EE48B140EB148DCBDA7A36;1455
(rerunfilecheck)             After:  798E23CBF1A7C2E341FE24ED653EDEAA;1454.

LaTeX Warning: There were undefined references.


LaTeX Warning: Label(s) may have changed. Rerun to get cross-references right.

Package atveryend Info: Empty hook `AtVeryVeryEnd' on input line 617.
 ) 
Here is how much of TeX's memory you used:
 6689 strings out of 494910
 98613 string characters out of 6179836
 191364 words of memory out of 5000000
 9782 multiletter control sequences out of 15000+600000
 11104 words of font info for 40 fonts, out of 8000000 for 9000
 36 hyphenation exceptions out of 8191
 34i,11n,40p,1114b,409s stack positions out of 5000i,500n,10000p,200000b,80000s
</usr/share/texlive/texmf-dist/fonts/type1/public/amsfonts/cm/cmbx10.pfb></us
r/share/texlive/texmf-dist/fonts/type1/public/amsfonts/cm/cmbx12.pfb></usr/shar
e/texlive/texmf-dist/fonts/type1/public/amsfonts/cm/cmex10.pfb></usr/share/texl
ive/texmf-dist/fonts/type1/public/amsfonts/cm/cmmi10.pfb></usr/share/texlive/te
xmf-dist/fonts/type1/public/amsfonts/cm/cmmi8.pfb></usr/share/texlive/texmf-dis
t/fonts/type1/public/amsfonts/cm/cmr10.pfb></usr/share/texlive/texmf-dist/fonts
/type1/public/amsfonts/cm/cmr6.pfb></usr/share/texlive/texmf-dist/fonts/type1/p
ublic/amsfonts/cm/cmr8.pfb></usr/share/texlive/texmf-dist/fonts/type1/public/am
sfonts/cm/cmr9.pfb></usr/share/texlive/texmf-dist/fonts/type1/public/amsfonts/c
m/cmsy10.pfb></usr/share/texlive/texmf-dist/fonts/type1/public/amsfonts/cm/cmsy
8.pfb></usr/share/texlive/texmf-dist/fonts/type1/public/amsfonts/cm/cmti10.pfb>
</usr/share/texlive/texmf-dist/fonts/type1/public/amsfonts/cm/cmti12.pfb></usr/
share/texlive/texmf-dist/fonts/type1/public/amsfonts/cm/cmtt10.pfb>
Output written on sn.pdf (32 pages, 4787671 bytes).
PDF statistics:
 659 PDF objects out of 1000 (max. 8388607)
 361 compressed objects within 4 object streams
 80 named destinations out of 1000 (max. 500000)
 430 words of extra memory for PDF output out of 10000 (max. 10000000)

