\BOOKMARK [1][-]{section.1}{Key design elements}{}% 1
\BOOKMARK [2][-]{subsection.1.1}{Requirements on SN sampling}{section.1}% 2
\BOOKMARK [2][-]{subsection.1.2}{SN samples}{section.1}% 3
\BOOKMARK [2][-]{subsection.1.3}{Metrics}{section.1}% 4
\BOOKMARK [1][-]{section.2}{Method}{}% 5
\BOOKMARK [2][-]{subsection.2.1}{Deep Drilling fields}{section.2}% 6
\BOOKMARK [2][-]{subsection.2.2}{Wide Fast Deep}{section.2}% 7
\BOOKMARK [1][-]{section.3}{Overview of observing strategies}{}% 8
\BOOKMARK [2][-]{subsection.3.1}{Available strategies}{section.3}% 9
\BOOKMARK [2][-]{subsection.3.2}{Key properties}{section.3}% 10
\BOOKMARK [3][-]{subsubsection.3.2.1}{WFD}{subsection.3.2}% 11
\BOOKMARK [3][-]{subsubsection.3.2.2}{DDF}{subsection.3.2}% 12
\BOOKMARK [1][-]{section.4}{ Results: Number of well-measured type Ia supernovae}{}% 13
\BOOKMARK [2][-]{subsection.4.1}{WFD}{section.4}% 14
\BOOKMARK [2][-]{subsection.4.2}{ DD}{section.4}% 15
\BOOKMARK [1][-]{section.5}{New proposals}{}% 16
\BOOKMARK [2][-]{subsection.5.1}{DDF observing strategy}{section.5}% 17
\BOOKMARK [2][-]{subsection.5.2}{altsched rolling 80/20}{section.5}% 18
\BOOKMARK [2][-]{subsection.5.3}{altsched rolling 75/25}{section.5}% 19
\BOOKMARK [2][-]{subsection.5.4}{Adding a simple metric for SN in OpSim/SLAIR}{section.5}% 20
\BOOKMARK [1][-]{section.6}{ Conclusion}{}% 21
\BOOKMARK [1][-]{Appendix.a.A}{Derivation of formula 2}{}% 22
\BOOKMARK [1][-]{Appendix.a.B}{DDF plots}{}% 23
