\author{D.M.~Scolnic}
\affiliation{Kavli Institute for Cosmological Physics, University of Chicago, Chicago, IL 60637, USA}
\author{Michelle~Lochner}
\affiliation{African Institute for Mathematical Sciences, 6 Melrose Road, Muizenberg, 7945, South Africa}
\affiliation{South African Radio Astronomy Observatory, The Park, Park Road, Pinelands, Cape Town 7405, South Africa}
\author{Ph.~Gris}
\affiliation{Laboratoire de Physique de Clermont (LPC) , CNRS/IN2P3, F-63000 Clermont-Ferrand, France}
\author{Nicolas Regnault}
\affiliation{LPNHE, IN2P3-CNRS, 4 place Jussieu, 75005 Paris, France}
\author{Ren\'ee~Hlo\v{z}ek}
\affiliation{Department of Astronomy \& Astrophysics, Dunlap Institute for Astronomy \& Astrophysics, University of Toronto}
\affiliation{Dunlap Institute for Astronomy \& Astrophysics, University of Toroto}
\author{T.~Allam Jr}
\affiliation{Mullard Space Science Laboratory, Department of Space and Climate Physics, University College London, Holmbury Hill Rd, Dorking RH5 6NT, UK}
\author{Humna Awan}
\affiliation{Department of Physics and Astronomy, Rutgers University, Piscataway, NJ 08854, USA}
\author{Rahul~Biswas}
\affiliation{The Oskar Klein Centre for CosmoParticle Physics, Department of Physics, Stockholm University, AlbaNova, Stockholm SE-10691}
\author{Jonathan~Blazek}
\affiliation{SNSF Ambizione, Laboratory of Astrophysics, \'{E}cole Polytechnique F\'{e}d\'{e}rale de Lausanne (EPFL)}
\affiliation{Center for Cosmology and Astroparticle Physics, Ohio State University}
\author{Chihway Chang}
\affiliation{University of Chicago}
\author{Eric~Gawiser}
\affiliation{Department of Physics and Astronomy, Rutgers University, Piscataway, NJ 08854, USA}
\author{Ariel Goobar}
\affiliation{The Oskar Klein Centre for Cosmoparticle Physics, Department of Physics, Stockholm University, AlbaNova, 10691 Stockholm, Sweden}
\author{I.M.~Hook}
\affiliation{Physics Department, Lancaster University, LA1 4YB, U.K.}
\author{Saurabh~W.~Jha}
\affiliation{Rutgers, the State University of New Jersey}
\author{J.D.~McEwen}
\affiliation{Mullard Space Science Laboratory, Department of Space and Climate Physics, University College London, Holmbury Hill Rd, Dorking RH5 6NT, UK}
\author{Rachel~Mandelbaum}
\affiliation{McWilliams Center for Cosmology, Department of Physics, Carnegie Mellon University, Pittsburgh, PA 15213, USA}
\author{Phil~Marshall}
\affiliation{Kavli Institute for Particle Astrophysics and Cosmology, P.O. Box 20450, MS29, Stanford, CA 94309, USA}
\author{E.~Neilsen}
\affiliation{Fermi National Accelerator Laboratory}
\author{Daniel Rothchild }
\affiliation{University of California, Berkeley }
\author{I.~Sevilla-Noarbe}
\affiliation{Centro de Investigaciones Energ\'{e}ticas, Medioambientales y Tecnol\'{o}gicas (CIEMAT), Av. Complutense 40, 28040, Madrid, Spain}
\author{An\v{z}e~Slosar}
\affiliation{Physics Department, Brookhaven National Laboratory,  Upton, NY 11973}
\author{P.~Yoachim}
\affiliation{University of Washington}
\author{(The LSST Dark Energy Science Collaboration)}
