% Author list file generated with: mkauthlist 1.2.3+16.gfd56256 
% mkauthlist -j aastex ddf_authors.csv 

\def\andname{}

\author{
D.M.~Scolnic\altaffilmark{1},
Michelle~Lochner\altaffilmark{2,3},
Ph.~Gris\altaffilmark{4},
Nicolas Regnault\altaffilmark{5},
Ren\'ee~Hlo\v{z}ek\altaffilmark{6,7},
T.~Allam Jr\altaffilmark{8},
Humna Awan\altaffilmark{9},
Rahul~Biswas\altaffilmark{10},
Jonathan~Blazek\altaffilmark{11,12},
Chihway Chang\altaffilmark{13},
Eric~Gawiser\altaffilmark{9},
Ariel Goobar\altaffilmark{14},
I.M.~Hook\altaffilmark{15},
Saurabh~W.~Jha\altaffilmark{16},
J.D.~McEwen\altaffilmark{8},
Rachel~Mandelbaum\altaffilmark{17},
Phil~Marshall\altaffilmark{18},
E.~Neilsen\altaffilmark{19},
Daniel Rothchild \altaffilmark{20},
I.~Sevilla-Noarbe\altaffilmark{21},
An\v{z}e~Slosar\altaffilmark{22},
and P.~Yoachim\altaffilmark{23}
\\ \vspace{0.2cm} (The LSST Dark Energy Science Collaboration) \\
}

\altaffiltext{1}{Kavli Institute for Cosmological Physics, University of Chicago, Chicago, IL 60637, USA}
\altaffiltext{2}{African Institute for Mathematical Sciences, 6 Melrose Road, Muizenberg, 7945, South Africa}
\altaffiltext{3}{South African Radio Astronomy Observatory, The Park, Park Road, Pinelands, Cape Town 7405, South Africa}
\altaffiltext{4}{Laboratoire de Physique de Clermont (LPC) , CNRS/IN2P3, F-63000 Clermont-Ferrand, France}
\altaffiltext{5}{LPNHE, IN2P3-CNRS, 4 place Jussieu, 75005 Paris, France}
\altaffiltext{6}{Department of Astronomy \& Astrophysics, Dunlap Institute for Astronomy \& Astrophysics, University of Toronto}
\altaffiltext{7}{Dunlap Institute for Astronomy \& Astrophysics, University of Toroto}
\altaffiltext{8}{Mullard Space Science Laboratory, Department of Space and Climate Physics, University College London, Holmbury Hill Rd, Dorking RH5 6NT, UK}
\altaffiltext{9}{Department of Physics and Astronomy, Rutgers University, Piscataway, NJ 08854, USA}
\altaffiltext{10}{The Oskar Klein Centre for CosmoParticle Physics, Department of Physics, Stockholm University, AlbaNova, Stockholm SE-10691}
\altaffiltext{11}{SNSF Ambizione, Laboratory of Astrophysics, \'{E}cole Polytechnique F\'{e}d\'{e}rale de Lausanne (EPFL)}
\altaffiltext{12}{Center for Cosmology and Astroparticle Physics, Ohio State University}
\altaffiltext{13}{University of Chicago}
\altaffiltext{14}{The Oskar Klein Centre for Cosmoparticle Physics, Department of Physics, Stockholm University, AlbaNova, 10691 Stockholm, Sweden}
\altaffiltext{15}{Physics Department, Lancaster University, LA1 4YB, U.K.}
\altaffiltext{16}{Rutgers, the State University of New Jersey}
\altaffiltext{17}{McWilliams Center for Cosmology, Department of Physics, Carnegie Mellon University, Pittsburgh, PA 15213, USA}
\altaffiltext{18}{Kavli Institute for Particle Astrophysics and Cosmology, P.O. Box 20450, MS29, Stanford, CA 94309, USA}
\altaffiltext{19}{Fermi National Accelerator Laboratory}
\altaffiltext{20}{University of California, Berkeley }
\altaffiltext{21}{Centro de Investigaciones Energ\'{e}ticas, Medioambientales y Tecnol\'{o}gicas (CIEMAT), Av. Complutense 40, 28040, Madrid, Spain}
\altaffiltext{22}{Physics Department, Brookhaven National Laboratory,  Upton, NY 11973}
\altaffiltext{23}{University of Washington}

