\author{Michelle~Lochner}
\affiliation{African Institute for Mathematical Sciences, 6 Melrose Road, Muizenberg, 7945, South Africa}
\affiliation{South African Radio Astronomy Observatory, The Park, Park Road, Pinelands, Cape Town 7405, South Africa}
\author{D.M.~Scolnic}
\affiliation{Kavli Institute for Cosmological Physics, University of Chicago, Chicago, IL 60637, USA}
\author{Humna Awan}
\affiliation{Department of Physics and Astronomy, Rutgers University, Piscataway, NJ 08854, USA}
\author{Nicolas Regnault}
\affiliation{LPNHE, IN2P3-CNRS, 4 place Jussieu, 75005 Paris, France}
\author{Ph.~Gris}
\affiliation{Laboratoire de Physique de Clermont (LPC) , CNRS/IN2P3, F-63000 Clermont-Ferrand, France}
\author{Rachel~Mandelbaum}
\affiliation{McWilliams Center for Cosmology, Department of Physics, Carnegie Mellon University, Pittsburgh, PA 15213, USA}
\author{Eric~Gawiser}
\affiliation{Department of Physics and Astronomy, Rutgers University, Piscataway, NJ 08854, USA}
\author{H.~Almoubayyed}
\affiliation{McWilliams Center for Cosmology, Department of Physics, Carnegie Mellon University, Pittsburgh, PA 15213, USA}
\author{C.N.~Setzer}
\affiliation{Department of Physics, Stockholm University, AlbaNova, SE-10691 Stockholm, Sweden}
\affiliation{The Oskar Klein Centre for Cosmoparticle Physics, Stockholm University, AlbaNova, SE-106 91, Stockholm, Sweden}
\author{S.~Huber}
\affiliation{Max-Planck-Institut f\"{u}r Astrophysik, Karl-Schwarzschild-Str.~1, 85748 Garching, Germany}
\affiliation{Physik-Department, Technische Universit\"{a}t M\"{u}nchen, James-Franck-Stra\ss{}e~1, 85748 Garching, Germany}
\author{M.L.~Graham}
\affiliation{Department of Astronomy, University of Washington, Box 351580, U.W., Seattle, WA 98195, USA}
\author{Ren\'ee~Hlo\v{z}ek}
\affiliation{Department of Astronomy \& Astrophysics, Dunlap Institute for Astronomy \& Astrophysics, University of Toronto}
\affiliation{Dunlap Institute for Astronomy \& Astrophysics, University of Toroto}
\author{Tim Eifler}
\affiliation{University of Arizona}
\author{Daniel Rothchild}
\affiliation{University of California, Berkeley }
\author{T.~Allam Jr}
\affiliation{Mullard Space Science Laboratory, Department of Space and Climate Physics, University College London, Holmbury Hill Rd, Dorking RH5 6NT, UK}
\author{Rahul~Biswas}
\affiliation{The Oskar Klein Centre for CosmoParticle Physics, Department of Physics, Stockholm University, AlbaNova, Stockholm SE-10691}
\author{Jonathan~Blazek}
\affiliation{SNSF Ambizione, Laboratory of Astrophysics, \'{E}cole Polytechnique F\'{e}d\'{e}rale de Lausanne (EPFL)}
\affiliation{Center for Cosmology and Astroparticle Physics, Ohio State University}
\author{Chihway Chang}
\affiliation{University of Chicago}
\author{Thomas Collett}
\affiliation{Institute of Cosmology and Gravitation, University of Portsmouth, Portsmouth, PO1 3FX, UK}
\author{Ariel Goobar}
\affiliation{The Oskar Klein Centre for Cosmoparticle Physics, Department of Physics, Stockholm University, AlbaNova, 10691 Stockholm, Sweden}
\author{I.M.~Hook}
\affiliation{Physics Department, Lancaster University, LA1 4YB, U.K.}
\author{Mike~Jarvis}
\affiliation{University of Pennsylvania}
\author{Saurabh~W.~Jha}
\affiliation{Rutgers, the State University of New Jersey}
\author{A.G.~Kim}
\affiliation{Lawrence Berkeley National Laboratory, Berkeley CA 94720 USA}
\author{Phil~Marshall}
\affiliation{Kavli Institute for Particle Astrophysics and Cosmology, P.O. Box 20450, MS29, Stanford, CA 94309, USA}
\author{J.D.~McEwen}
\affiliation{Mullard Space Science Laboratory, Department of Space and Climate Physics, University College London, Holmbury Hill Rd, Dorking RH5 6NT, UK}
\author{M.~Moniez}
\affiliation{Laboratoire de l'Acc\'{e}l\'{e}rateur Lin\'{e}aire, IN2P3-CNRS, Universit\'{e} de Paris-Sud, BP 34, 91898 Orsay Cedex, France}
\author{Jeffrey~A.~Newman}
\affiliation{University of Pittsburgh, Department of Physics and Astronomy and PITT PACC}
\author{Hiranya~V.~Peiris}
\affiliation{The Oskar Klein Centre for Cosmoparticle Physics, Department of Physics, Stockholm University, AlbaNova, 10691 Stockholm, Sweden}
\affiliation{Department of Physics & Astronomy, University College London, Gower Street, London WC1E 6BT, UK}
\author{I.~Sevilla-Noarbe}
\affiliation{Centro de Investigaciones Energ\'{e}ticas, Medioambientales y Tecnol\'{o}gicas (CIEMAT), Av. Complutense 40, 28040, Madrid, Spain}
\author{An\v{z}e~Slosar}
\affiliation{Physics Department, Brookhaven National Laboratory,  Upton, NY 11973}
\author{S.H.~Suyu}
\affiliation{Max-Planck-Institut f\"{u}r Astrophysik, Karl-Schwarzschild-Str.~1, 85748 Garching, Germany}
\affiliation{Physik-Department, Technische Universit\"{a}t M\"{u}nchen, James-Franck-Stra\ss{}e~1, 85748 Garching, Germany}
\affiliation{Institute of Astronomy and Astrophysics, Academia Sinica, 11F of ASMAB, No.1, Section 4, Roosevelt Road, Taipei 10617, Taiwan}
\author{J.~Anthony~Tyson}
\affiliation{Department of Physics, University of California, Davis}
\author{P.~Yoachim}
\affiliation{University of Washington}
\author{(The LSST Dark Energy Science Collaboration)}
